ahdlcmicompile: Compiling ahdlcmi in INCA_libs/AMSD/ahdlSimDB/3651_tools_affirma_ams_etc_connect_lib_Bidir_2_dynsup.vams.connectLib__Bidir_2_dynsup__module__0x10000001_behavioral.ahdlcmi/Linux-64/ for Linux-64 with optimize using gcc on Tue Nov 26 16:06:06 PST 2019 [5.0]
ahdlcmicompile: Generating makefile
PATH:  /share/instsww/cadence/INCISIVE.15.20.076/tools.lnx86/cdsgcc/gcc/4.1-x86_64/install/bin:/share/instsww/cadence/INCISIVE.15.20.076/tools/bin/64bit:/share/instsww/cadence/IC617/bin:/share/instsww/cadence/IC617/tools/bin:/share/instsww/cadence/IC617/tools/bin/64bit:/share/instsww/cadence/IC617/share/oa/bin:/home/ff/ee140/fa19/xfab/XKIT/x_all/cadence/xenv:/share/instsww/cadence/INCISIVE.15.20.076/tools/bin:/share/instsww/cadence/EXT171/tools/bin:/share/instsww/cadence/MMSIM151/tools/bin:/share/instsww/cadence/IC617/tools/dfII/bin:/share/instsww/cadence/IC617/tools/plot/bin:/share/instsww/cadence/ASSURA41-617/tools/bin:/share/instsww/cadence/ASSURA41-617/tools/dfII/bin:/home/ff/ee140/fa19/xfab/XKIT/x_all/cadence/xenv:/share/instsww/cadence/INCISIVE.15.20.076/tools/bin:/share/instsww/cadence/EXT171/tools/bin:/share/instsww/cadence/MMSIM151/tools/bin:/share/instsww/cadence/IC617/tools/dfII/bin:/share/instsww/cadence/IC617/tools/plot/bin:/share/instsww/cadence/ASSURA41-617/tools/bin:/share/instsww/cadence/ASSURA41-617/tools/dfII/bin:/home/ff/ee140/fa19/xfab/XKIT/x_all/cadence/xenv:/share/instsww/cadence/INCISIVE.15.20.076/tools/bin:/share/instsww/cadence/EXT171/tools/bin:/share/instsww/cadence/MMSIM151/tools/bin:/share/instsww/cadence/IC617/tools/dfII/bin:/share/instsww/cadence/IC617/tools/plot/bin:/share/instsww/cadence/ASSURA41-617/tools/bin:/share/instsww/cadence/ASSURA41-617/tools/dfII/bin:/home/ff/ee140/fa19/xfab/XKIT/x_all/cadence/xenv:/share/instsww/cadence/EXT171/tools/bin:/share/instsww/cadence/MMSIM151/tools/bin:/share/instsww/cadence/IC617/tools/dfII/bin:/share/instsww/cadence/IC617/tools/plot/bin:/share/instsww/cadence/ASSURA41-617/tools/bin:/share/instsww/cadence/ASSURA41-617/tools/dfII/bin:/home/ff/ee140/fa19/xfab/XKIT/x_all/cadence/xenv:/share/instsww/cadence/INCISIVE.15.20.076/tools/bin:/share/instsww/cadence/EXT171/tools/bin:/share/instsww/cadence/MMSIM151/tools/bin:/share/instsww/cadence/IC617/tools/dfII/bin:/share/instsww/cadence/IC617/tools/plot/bin:/share/instsww/cadence/ASSURA41-617/tools/bin:/share/instsww/cadence/ASSURA41-617/tools/dfII/bin:/home/cc/ee140/fa19/class/ee140-abc/miniconda3/bin:/share/b/grading/bin:/home/ff/ee140/bin:/home/ff/ee140/bin/arch/x86_64:/usr/local/bin:/usr/sww/bin:/usr/bin:/bin:/usr/ucb:/usr/sfw/bin:/share/b/grading/bin:/share/b/grading/sbin:/share/b/runas/x86_64:/share/b/bin:/home/aa/projects/scheme/bin
LD_LIBRARY_PATH:  /share/instsww/cadence/INCISIVE.15.20.076/tools.lnx86/cdsgcc/gcc/4.1-x86_64/install/lib:/share/instsww/cadence/INCISIVE.15.20.076/tools/lib/64bit:/share/instsww/cadence/INCISIVE.15.20.076/tools/lib/64bit/SuSE:/share/instsww/cadence/IC617/tools/lib:/share/instsww/cadence/IC617/tools/lib/RHEL/RHEL7:/share/instsww/cadence/IC617/share/oa/lib/linux_rhel50_gcc48x_64/opt:/share/instsww/cadence/IC617/tools/Qt/64bit/lib:/share/instsww/cadence/IC617/tools/dfII/lib/64bit:/share/instsww/cadence/IC617/tools/sev/lib/64bit:/share/instsww/cadence/IC617/tools/lib/64bit:/share/instsww/cadence/IC617/tools/hdf5/lib/64bit:/share/instsww/cadence/IC617/tools/lz4/lib/64bit:/share/instsww/cadence/INCISIVE.15.20.076/tools.lnx86/lib/64bit:/share/instsww/cadence/IC617/tools/lib/64bit/RHEL/RHEL7:/usr/sww/lib
/share/instsww/cadence/INCISIVE.15.20.076/tools.lnx86/spectre/ahdlcmi/bin/gnumake -j16 -f GNUmakefile
Cleaning ./obj/optimize/5.0
rm -f -rf ./obj/optimize/5.0
Compiling C file connectLib__Bidir_2_dynsup__module__0x10000001_behavioral_func.c (optimize)
Compiling C file connectLib__Bidir_2_dynsup__module__0x10000001_behavioral_DcFuncDerLoad.c (optimize)
Compiling C file connectLib__Bidir_2_dynsup__module__0x10000001_behavioral_TranFuncDerLoad.c (optimize)
Compiling C file connectLib__Bidir_2_dynsup__module__0x10000001_behavioral_DcFuncLoad.c (optimize)
/share/instsww/cadence/INCISIVE.15.20.076/tools.lnx86/spectre/ahdlcmi/bin/64bit/ahdlcc 0 /share/instsww/cadence/INCISIVE.15.20.076/tools.lnx86/cdsgcc/gcc/4.8/bin/gcc  -march=k8 -ffast-math -fno-unsafe-math-optimizations -O3 -m64 -DSYSV -DSVR4 -D_REENTRANT -fPIC   -DconfigSPECTRE -I. -I/share/instsww/cadence/INCISIVE.15.20.076/tools.lnx86/spectre/ahdlcmi/include -c connectLib__Bidir_2_dynsup__module__0x10000001_behavioral_func.c -o obj/optimize/5.0/connectLib__Bidir_2_dynsup__module__0x10000001_behavioral_func.o || rm -f -f obj/optimize/5.0/connectLib__Bidir_2_dynsup__module__0x10000001_behavioral_func.o
/share/instsww/cadence/INCISIVE.15.20.076/tools.lnx86/spectre/ahdlcmi/bin/64bit/ahdlcc 0 /share/instsww/cadence/INCISIVE.15.20.076/tools.lnx86/cdsgcc/gcc/4.8/bin/gcc  -march=k8 -ffast-math -fno-unsafe-math-optimizations -O3 -m64 -DSYSV -DSVR4 -D_REENTRANT -fPIC   -DconfigSPECTRE -I. -I/share/instsww/cadence/INCISIVE.15.20.076/tools.lnx86/spectre/ahdlcmi/include -c connectLib__Bidir_2_dynsup__module__0x10000001_behavioral_DcFuncDerLoad.c -o obj/optimize/5.0/connectLib__Bidir_2_dynsup__module__0x10000001_behavioral_DcFuncDerLoad.o || rm -f -f obj/optimize/5.0/connectLib__Bidir_2_dynsup__module__0x10000001_behavioral_DcFuncDerLoad.o
/share/instsww/cadence/INCISIVE.15.20.076/tools.lnx86/spectre/ahdlcmi/bin/64bit/ahdlcc 0 /share/instsww/cadence/INCISIVE.15.20.076/tools.lnx86/cdsgcc/gcc/4.8/bin/gcc  -march=k8 -ffast-math -fno-unsafe-math-optimizations -O3 -m64 -DSYSV -DSVR4 -D_REENTRANT -fPIC   -DconfigSPECTRE -I. -I/share/instsww/cadence/INCISIVE.15.20.076/tools.lnx86/spectre/ahdlcmi/include -c connectLib__Bidir_2_dynsup__module__0x10000001_behavioral_DcFuncLoad.c -o obj/optimize/5.0/connectLib__Bidir_2_dynsup__module__0x10000001_behavioral_DcFuncLoad.o || rm -f -f obj/optimize/5.0/connectLib__Bidir_2_dynsup__module__0x10000001_behavioral_DcFuncLoad.o
/share/instsww/cadence/INCISIVE.15.20.076/tools.lnx86/spectre/ahdlcmi/bin/64bit/ahdlcc 0 /share/instsww/cadence/INCISIVE.15.20.076/tools.lnx86/cdsgcc/gcc/4.8/bin/gcc  -march=k8 -ffast-math -fno-unsafe-math-optimizations -O3 -m64 -DSYSV -DSVR4 -D_REENTRANT -fPIC   -DconfigSPECTRE -I. -I/share/instsww/cadence/INCISIVE.15.20.076/tools.lnx86/spectre/ahdlcmi/include -c connectLib__Bidir_2_dynsup__module__0x10000001_behavioral_TranFuncDerLoad.c -o obj/optimize/5.0/connectLib__Bidir_2_dynsup__module__0x10000001_behavioral_TranFuncDerLoad.o || rm -f -f obj/optimize/5.0/connectLib__Bidir_2_dynsup__module__0x10000001_behavioral_TranFuncDerLoad.o
Compiling C file connectLib__Bidir_2_dynsup__module__0x10000001_behavioral_TranFuncLoad.c (optimize)
/share/instsww/cadence/INCISIVE.15.20.076/tools.lnx86/spectre/ahdlcmi/bin/64bit/ahdlcc 0 /share/instsww/cadence/INCISIVE.15.20.076/tools.lnx86/cdsgcc/gcc/4.8/bin/gcc  -march=k8 -ffast-math -fno-unsafe-math-optimizations -O3 -m64 -DSYSV -DSVR4 -D_REENTRANT -fPIC   -DconfigSPECTRE -I. -I/share/instsww/cadence/INCISIVE.15.20.076/tools.lnx86/spectre/ahdlcmi/include -c connectLib__Bidir_2_dynsup__module__0x10000001_behavioral_TranFuncLoad.c -o obj/optimize/5.0/connectLib__Bidir_2_dynsup__module__0x10000001_behavioral_TranFuncLoad.o || rm -f -f obj/optimize/5.0/connectLib__Bidir_2_dynsup__module__0x10000001_behavioral_TranFuncLoad.o
Compiling C file connectLib__Bidir_2_dynsup__module__0x10000001_behavioral_cmi_c.c (optimize)
/share/instsww/cadence/INCISIVE.15.20.076/tools.lnx86/spectre/ahdlcmi/bin/64bit/ahdlcc 0 /share/instsww/cadence/INCISIVE.15.20.076/tools.lnx86/cdsgcc/gcc/4.8/bin/gcc  -march=k8 -ffast-math -fno-unsafe-math-optimizations -O3 -m64 -DSYSV -DSVR4 -D_REENTRANT -fPIC   -DconfigSPECTRE -I. -I/share/instsww/cadence/INCISIVE.15.20.076/tools.lnx86/spectre/ahdlcmi/include -I/share/instsww/cadence/INCISIVE.15.20.076/tools.lnx86/cmi/include -c connectLib__Bidir_2_dynsup__module__0x10000001_behavioral_cmi_c.c -o obj/optimize/5.0/connectLib__Bidir_2_dynsup__module__0x10000001_behavioral_cmi_c.o || rm -f -f obj/optimize/5.0/connectLib__Bidir_2_dynsup__module__0x10000001_behavioral_cmi_c.o
<stdin>: In function 'connectLib__Bidir_2_dynsup__module__0x10000001_behavioral_ParamInit':
<stdin>:599:1: warning: passing argument 2 of 'aslDevAssignStringC' from incompatible pointer type [enabled by default]
In file included from <stdin>:24:0:
/share/instsww/cadence/INCISIVE.15.20.076/tools.lnx86/spectre/ahdlcmi/include/ahdlDevLibGlobal.h:2130:36: note: expected 'char *' but argument is of type 'long int *'
     ASL_FUNC_DECL_START extern int aslDevAssignStringC( int, char *, char *, struct ahdlFuncModeParam * );
                                    ^
<stdin>:607:1: warning: passing argument 2 of 'aslDevAssignStringC' from incompatible pointer type [enabled by default]
In file included from <stdin>:24:0:
/share/instsww/cadence/INCISIVE.15.20.076/tools.lnx86/spectre/ahdlcmi/include/ahdlDevLibGlobal.h:2130:36: note: expected 'char *' but argument is of type 'long int *'
     ASL_FUNC_DECL_START extern int aslDevAssignStringC( int, char *, char *, struct ahdlFuncModeParam * );
                                    ^
<stdin>: In function 'connectLib__Bidir_2_dynsup__module__0x10000001_behavioral_InitAll':
<stdin>:735:2: warning: floating constant exceeds range of 'double' [-Woverflow]
<stdin>:736:2: warning: floating constant exceeds range of 'double' [-Woverflow]
<stdin>:738:2: warning: floating constant exceeds range of 'double' [-Woverflow]
<stdin>:739:2: warning: floating constant exceeds range of 'double' [-Woverflow]
<stdin>:741:2: warning: floating constant exceeds range of 'double' [-Woverflow]
<stdin>:742:2: warning: floating constant exceeds range of 'double' [-Woverflow]
<stdin>:748:2: warning: floating constant exceeds range of 'double' [-Woverflow]
<stdin>:749:2: warning: floating constant exceeds range of 'double' [-Woverflow]
<stdin>:757:2: warning: floating constant exceeds range of 'double' [-Woverflow]
<stdin>:758:2: warning: floating constant exceeds range of 'double' [-Woverflow]
<stdin>:766:2: warning: floating constant exceeds range of 'double' [-Woverflow]
<stdin>:767:2: warning: floating constant exceeds range of 'double' [-Woverflow]
<stdin>:775:2: warning: floating constant exceeds range of 'double' [-Woverflow]
<stdin>:776:2: warning: floating constant exceeds range of 'double' [-Woverflow]
<stdin>: In function 'connectLib__Bidir_2_dynsup__module__0x10000001_behavioral_pDC_Load':
<stdin>:1420:1062: warning: passing argument 1 of 'aslDevFillZeorDiagonalElemet' makes pointer from integer without a cast [enabled by default]
In file included from <stdin>:24:0:
/share/instsww/cadence/INCISIVE.15.20.076/tools.lnx86/spectre/ahdlcmi/include/ahdlDevLibGlobal.h:2419:37: note: expected 'void *' but argument is of type 'long int'
     ASL_FUNC_DECL_START extern void aslDevFillZeorDiagonalElemet( void *, int, unsigned int, struct ahdlFuncModeParam * );
                                     ^
<stdin>: In function 'connectLib__Bidir_2_dynsup__module__0x10000001_behavioral_pCompare':
<stdin>:1474:1789: warning: assignment makes integer from pointer without a cast [enabled by default]
<stdin>:1474:1238: warning: passing argument 1 of 'memcpy' makes pointer from integer without a cast [enabled by default]
In file included from /share/instsww/cadence/INCISIVE.15.20.076/tools.lnx86/spectre/ahdlcmi/include/ahdlPiCmi.h:5:0,
                 from /share/instsww/cadence/INCISIVE.15.20.076/tools.lnx86/spectre/ahdlcmi/include/ahdlDevLibGlobal.h:81,
                 from <stdin>:24:
/usr/include/string.h:42:14: note: expected 'void * __restrict__' but argument is of type 'long int'
 extern void *memcpy (void *__restrict __dest, const void *__restrict __src,
              ^
<stdin>:1474:1238: warning: passing argument 2 of 'memcpy' makes pointer from integer without a cast [enabled by default]
In file included from /share/instsww/cadence/INCISIVE.15.20.076/tools.lnx86/spectre/ahdlcmi/include/ahdlPiCmi.h:5:0,
                 from /share/instsww/cadence/INCISIVE.15.20.076/tools.lnx86/spectre/ahdlcmi/include/ahdlDevLibGlobal.h:81,
                 from <stdin>:24:
/usr/include/string.h:42:14: note: expected 'const void * __restrict__' but argument is of type 'long int'
 extern void *memcpy (void *__restrict __dest, const void *__restrict __src,
              ^
<stdin>:1474:2033: warning: assignment makes integer from pointer without a cast [enabled by default]
<stdin>: In function 'connectLib__Bidir_2_dynsup__module__0x10000001_behavioral_pGetMatrixPointers':
<stdin>:1480:2599: warning: assignment makes integer from pointer without a cast [enabled by default]
<stdin>: In function 'connectLib__Bidir_2_dynsup__module__0x10000001_behavioral_pAnalTranLoad':
<stdin>:1527:2239: warning: passing argument 1 of 'aslDevFillZeorDiagonalElemet' makes pointer from integer without a cast [enabled by default]
In file included from <stdin>:24:0:
/share/instsww/cadence/INCISIVE.15.20.076/tools.lnx86/spectre/ahdlcmi/include/ahdlDevLibGlobal.h:2419:37: note: expected 'void *' but argument is of type 'long int'
     ASL_FUNC_DECL_START extern void aslDevFillZeorDiagonalElemet( void *, int, unsigned int, struct ahdlFuncModeParam * );
                                     ^
<stdin>: In function 'connectLib__Bidir_2_dynsup__module__0x10000001_behavioral_pSaveRestart':
<stdin>:1553:674: warning: passing argument 2 of 'aslDevAvarSR' from incompatible pointer type [enabled by default]
In file included from <stdin>:24:0:
/share/instsww/cadence/INCISIVE.15.20.076/tools.lnx86/spectre/ahdlcmi/include/ahdlDevLibGlobal.h:1203:43: note: expected 'struct ahdlAnalogVar *' but argument is of type 'char *'
     ASL_FUNC_DECL_START extern PklError_e aslDevAvarSR( int, struct ahdlAnalogVar *, char *, char *, char *, PklJar_t * );
                                           ^
<stdin>: In function 'connectLib__Bidir_2_dynsup__module__0x10000001_behavioral_pSaveRestartInst':
<stdin>:1556:676: warning: passing argument 2 of 'aslDevAvarSR' from incompatible pointer type [enabled by default]
In file included from <stdin>:24:0:
/share/instsww/cadence/INCISIVE.15.20.076/tools.lnx86/spectre/ahdlcmi/include/ahdlDevLibGlobal.h:1203:43: note: expected 'struct ahdlAnalogVar *' but argument is of type 'char *'
     ASL_FUNC_DECL_START extern PklError_e aslDevAvarSR( int, struct ahdlAnalogVar *, char *, char *, char *, PklJar_t * );
                                           ^
rm -f -rf connectLib__Bidir_2_dynsup__module__0x10000001_behavioral_DcFuncLoad.c
rm -f -rf connectLib__Bidir_2_dynsup__module__0x10000001_behavioral_TranFuncLoad.c
rm -f -rf connectLib__Bidir_2_dynsup__module__0x10000001_behavioral_DcFuncDerLoad.c
rm -f -rf connectLib__Bidir_2_dynsup__module__0x10000001_behavioral_TranFuncDerLoad.c
rm -f -rf connectLib__Bidir_2_dynsup__module__0x10000001_behavioral_func.c
rm -f -rf connectLib__Bidir_2_dynsup__module__0x10000001_behavioral_cmi_c.c
/share/instsww/cadence/INCISIVE.15.20.076/tools.lnx86/cdsgcc/gcc/4.8/bin/gcc -shared -O3 -m64 -fPIC -o obj/optimize/5.0/libahdlcmi_connectLib__Bidir_2_dynsup__module__0x10000001_behavioral.so ./obj/optimize/5.0/connectLib__Bidir_2_dynsup__module__0x10000001_behavioral_func.o ./obj/optimize/5.0/connectLib__Bidir_2_dynsup__module__0x10000001_behavioral_DcFuncDerLoad.o ./obj/optimize/5.0/connectLib__Bidir_2_dynsup__module__0x10000001_behavioral_DcFuncLoad.o ./obj/optimize/5.0/connectLib__Bidir_2_dynsup__module__0x10000001_behavioral_TranFuncDerLoad.o ./obj/optimize/5.0/connectLib__Bidir_2_dynsup__module__0x10000001_behavioral_TranFuncLoad.o ./obj/optimize/5.0/connectLib__Bidir_2_dynsup__module__0x10000001_behavioral_cmi_c.o  -Wl,-rpath,/usr/lib -Wl,-rpath,/lib -s 
