ahdlcmicompile: Compiling ahdlcmi in INCA_libs/AMSD/ahdlSimDB/3651_tools_affirma_ams_etc_connect_lib_E2L_2_dynsup.vams.connectLib__E2L_2_dynsup__module__0x10000001_behavioral.ahdlcmi/Linux-64/ for Linux-64 with optimize using gcc on Wed Nov 27 14:39:55 PST 2019 [5.0]
ahdlcmicompile: Generating makefile
PATH:  /share/instsww/cadence/INCISIVE.15.20.076/tools.lnx86/cdsgcc/gcc/4.1-x86_64/install/bin:/share/instsww/cadence/INCISIVE.15.20.076/tools/bin/64bit:/share/instsww/cadence/IC617/bin:/share/instsww/cadence/IC617/tools/bin:/share/instsww/cadence/IC617/tools/bin/64bit:/share/instsww/cadence/IC617/share/oa/bin:/home/ff/ee140/fa19/xfab/XKIT/x_all/cadence/xenv:/share/instsww/cadence/INCISIVE.15.20.076/tools/bin:/share/instsww/cadence/EXT171/tools/bin:/share/instsww/cadence/MMSIM151/tools/bin:/share/instsww/cadence/IC617/tools/dfII/bin:/share/instsww/cadence/IC617/tools/plot/bin:/share/instsww/cadence/ASSURA41-617/tools/bin:/share/instsww/cadence/ASSURA41-617/tools/dfII/bin:/share/b/grading/bin:/home/ff/ee140/bin:/home/ff/ee140/bin/arch/x86_64:/usr/local/bin:/usr/sww/bin:/usr/bin:/bin:/usr/ucb:/usr/sfw/bin:/share/b/grading/bin:/share/b/grading/sbin:/share/b/runas/x86_64:/share/b/bin:/home/aa/projects/scheme/bin
LD_LIBRARY_PATH:  /share/instsww/cadence/INCISIVE.15.20.076/tools.lnx86/cdsgcc/gcc/4.1-x86_64/install/lib:/share/instsww/cadence/INCISIVE.15.20.076/tools/lib/64bit:/share/instsww/cadence/INCISIVE.15.20.076/tools/lib/64bit/SuSE:/share/instsww/cadence/IC617/tools/lib:/share/instsww/cadence/IC617/tools/lib/RHEL/RHEL7:/share/instsww/cadence/IC617/share/oa/lib/linux_rhel50_gcc48x_64/opt:/share/instsww/cadence/IC617/tools/Qt/64bit/lib:/share/instsww/cadence/IC617/tools/dfII/lib/64bit:/share/instsww/cadence/IC617/tools/sev/lib/64bit:/share/instsww/cadence/IC617/tools/lib/64bit:/share/instsww/cadence/IC617/tools/hdf5/lib/64bit:/share/instsww/cadence/IC617/tools/lz4/lib/64bit:/share/instsww/cadence/INCISIVE.15.20.076/tools.lnx86/lib/64bit:/share/instsww/cadence/IC617/tools/lib/64bit/RHEL/RHEL7:/usr/sww/lib
/share/instsww/cadence/INCISIVE.15.20.076/tools.lnx86/spectre/ahdlcmi/bin/gnumake -j16 -f GNUmakefile
Cleaning ./obj/optimize/5.0
rm -f -rf ./obj/optimize/5.0
Compiling C file connectLib__E2L_2_dynsup__module__0x10000001_behavioral_func.c (optimize)
Compiling C file connectLib__E2L_2_dynsup__module__0x10000001_behavioral_DcFuncDerLoad.c (optimize)
/share/instsww/cadence/INCISIVE.15.20.076/tools.lnx86/spectre/ahdlcmi/bin/64bit/ahdlcc 0 /share/instsww/cadence/INCISIVE.15.20.076/tools.lnx86/cdsgcc/gcc/4.8/bin/gcc  -march=k8 -ffast-math -fno-unsafe-math-optimizations -O3 -m64 -DSYSV -DSVR4 -D_REENTRANT -fPIC   -DconfigSPECTRE -I. -I/share/instsww/cadence/INCISIVE.15.20.076/tools.lnx86/spectre/ahdlcmi/include -c connectLib__E2L_2_dynsup__module__0x10000001_behavioral_func.c -o obj/optimize/5.0/connectLib__E2L_2_dynsup__module__0x10000001_behavioral_func.o || rm -f -f obj/optimize/5.0/connectLib__E2L_2_dynsup__module__0x10000001_behavioral_func.o
Compiling C file connectLib__E2L_2_dynsup__module__0x10000001_behavioral_TranFuncDerLoad.c (optimize)
Compiling C file connectLib__E2L_2_dynsup__module__0x10000001_behavioral_DcFuncLoad.c (optimize)
/share/instsww/cadence/INCISIVE.15.20.076/tools.lnx86/spectre/ahdlcmi/bin/64bit/ahdlcc 0 /share/instsww/cadence/INCISIVE.15.20.076/tools.lnx86/cdsgcc/gcc/4.8/bin/gcc  -march=k8 -ffast-math -fno-unsafe-math-optimizations -O3 -m64 -DSYSV -DSVR4 -D_REENTRANT -fPIC   -DconfigSPECTRE -I. -I/share/instsww/cadence/INCISIVE.15.20.076/tools.lnx86/spectre/ahdlcmi/include -c connectLib__E2L_2_dynsup__module__0x10000001_behavioral_DcFuncDerLoad.c -o obj/optimize/5.0/connectLib__E2L_2_dynsup__module__0x10000001_behavioral_DcFuncDerLoad.o || rm -f -f obj/optimize/5.0/connectLib__E2L_2_dynsup__module__0x10000001_behavioral_DcFuncDerLoad.o
/share/instsww/cadence/INCISIVE.15.20.076/tools.lnx86/spectre/ahdlcmi/bin/64bit/ahdlcc 0 /share/instsww/cadence/INCISIVE.15.20.076/tools.lnx86/cdsgcc/gcc/4.8/bin/gcc  -march=k8 -ffast-math -fno-unsafe-math-optimizations -O3 -m64 -DSYSV -DSVR4 -D_REENTRANT -fPIC   -DconfigSPECTRE -I. -I/share/instsww/cadence/INCISIVE.15.20.076/tools.lnx86/spectre/ahdlcmi/include -c connectLib__E2L_2_dynsup__module__0x10000001_behavioral_TranFuncDerLoad.c -o obj/optimize/5.0/connectLib__E2L_2_dynsup__module__0x10000001_behavioral_TranFuncDerLoad.o || rm -f -f obj/optimize/5.0/connectLib__E2L_2_dynsup__module__0x10000001_behavioral_TranFuncDerLoad.o
/share/instsww/cadence/INCISIVE.15.20.076/tools.lnx86/spectre/ahdlcmi/bin/64bit/ahdlcc 0 /share/instsww/cadence/INCISIVE.15.20.076/tools.lnx86/cdsgcc/gcc/4.8/bin/gcc  -march=k8 -ffast-math -fno-unsafe-math-optimizations -O3 -m64 -DSYSV -DSVR4 -D_REENTRANT -fPIC   -DconfigSPECTRE -I. -I/share/instsww/cadence/INCISIVE.15.20.076/tools.lnx86/spectre/ahdlcmi/include -c connectLib__E2L_2_dynsup__module__0x10000001_behavioral_DcFuncLoad.c -o obj/optimize/5.0/connectLib__E2L_2_dynsup__module__0x10000001_behavioral_DcFuncLoad.o || rm -f -f obj/optimize/5.0/connectLib__E2L_2_dynsup__module__0x10000001_behavioral_DcFuncLoad.o
Compiling C file connectLib__E2L_2_dynsup__module__0x10000001_behavioral_TranFuncLoad.c (optimize)
/share/instsww/cadence/INCISIVE.15.20.076/tools.lnx86/spectre/ahdlcmi/bin/64bit/ahdlcc 0 /share/instsww/cadence/INCISIVE.15.20.076/tools.lnx86/cdsgcc/gcc/4.8/bin/gcc  -march=k8 -ffast-math -fno-unsafe-math-optimizations -O3 -m64 -DSYSV -DSVR4 -D_REENTRANT -fPIC   -DconfigSPECTRE -I. -I/share/instsww/cadence/INCISIVE.15.20.076/tools.lnx86/spectre/ahdlcmi/include -c connectLib__E2L_2_dynsup__module__0x10000001_behavioral_TranFuncLoad.c -o obj/optimize/5.0/connectLib__E2L_2_dynsup__module__0x10000001_behavioral_TranFuncLoad.o || rm -f -f obj/optimize/5.0/connectLib__E2L_2_dynsup__module__0x10000001_behavioral_TranFuncLoad.o
Compiling C file connectLib__E2L_2_dynsup__module__0x10000001_behavioral_cmi_c.c (optimize)
/share/instsww/cadence/INCISIVE.15.20.076/tools.lnx86/spectre/ahdlcmi/bin/64bit/ahdlcc 0 /share/instsww/cadence/INCISIVE.15.20.076/tools.lnx86/cdsgcc/gcc/4.8/bin/gcc  -march=k8 -ffast-math -fno-unsafe-math-optimizations -O3 -m64 -DSYSV -DSVR4 -D_REENTRANT -fPIC   -DconfigSPECTRE -I. -I/share/instsww/cadence/INCISIVE.15.20.076/tools.lnx86/spectre/ahdlcmi/include -I/share/instsww/cadence/INCISIVE.15.20.076/tools.lnx86/cmi/include -c connectLib__E2L_2_dynsup__module__0x10000001_behavioral_cmi_c.c -o obj/optimize/5.0/connectLib__E2L_2_dynsup__module__0x10000001_behavioral_cmi_c.o || rm -f -f obj/optimize/5.0/connectLib__E2L_2_dynsup__module__0x10000001_behavioral_cmi_c.o
<stdin>: In function 'connectLib__E2L_2_dynsup__module__0x10000001_behavioral_ParamInit':
<stdin>:422:1: warning: passing argument 2 of 'aslDevAssignStringC' from incompatible pointer type [enabled by default]
In file included from <stdin>:24:0:
/share/instsww/cadence/INCISIVE.15.20.076/tools.lnx86/spectre/ahdlcmi/include/ahdlDevLibGlobal.h:2130:36: note: expected 'char *' but argument is of type 'long int *'
     ASL_FUNC_DECL_START extern int aslDevAssignStringC( int, char *, char *, struct ahdlFuncModeParam * );
                                    ^
<stdin>:430:1: warning: passing argument 2 of 'aslDevAssignStringC' from incompatible pointer type [enabled by default]
In file included from <stdin>:24:0:
/share/instsww/cadence/INCISIVE.15.20.076/tools.lnx86/spectre/ahdlcmi/include/ahdlDevLibGlobal.h:2130:36: note: expected 'char *' but argument is of type 'long int *'
     ASL_FUNC_DECL_START extern int aslDevAssignStringC( int, char *, char *, struct ahdlFuncModeParam * );
                                    ^
<stdin>: In function 'connectLib__E2L_2_dynsup__module__0x10000001_behavioral_pDC_Load':
<stdin>:1002:1058: warning: passing argument 1 of 'aslDevFillZeorDiagonalElemet' makes pointer from integer without a cast [enabled by default]
<stdin>: In function 'connectLib__E2L_2_dynsup__module__0x10000001_behavioral_InitAll':
<stdin>:554:2: warning: floating constant exceeds range of 'double' [-Woverflow]
<stdin>:555:2: warning: floating constant exceeds range of 'double' [-Woverflow]
<stdin>:557:2: warning: floating constant exceeds range of 'double' [-Woverflow]
In file included from <stdin>:24:0:
/share/instsww/cadence/INCISIVE.15.20.076/tools.lnx86/spectre/ahdlcmi/include/ahdlDevLibGlobal.h:2419:37: note: expected 'void *' but argument is of type 'long int'
     ASL_FUNC_DECL_START extern void aslDevFillZeorDiagonalElemet( void *, int, unsigned int, struct ahdlFuncModeParam * );
                                     ^
<stdin>:558:2: warning: floating constant exceeds range of 'double' [-Woverflow]
<stdin>:560:2: warning: floating constant exceeds range of 'double' [-Woverflow]
<stdin>:561:2: warning: floating constant exceeds range of 'double' [-Woverflow]
<stdin>:567:2: warning: floating constant exceeds range of 'double' [-Woverflow]
<stdin>:568:2: warning: floating constant exceeds range of 'double' [-Woverflow]
<stdin>:576:2: warning: floating constant exceeds range of 'double' [-Woverflow]
<stdin>:577:2: warning: floating constant exceeds range of 'double' [-Woverflow]
<stdin>:585:2: warning: floating constant exceeds range of 'double' [-Woverflow]
<stdin>:586:2: warning: floating constant exceeds range of 'double' [-Woverflow]
<stdin>:594:2: warning: floating constant exceeds range of 'double' [-Woverflow]
<stdin>:595:2: warning: floating constant exceeds range of 'double' [-Woverflow]
<stdin>: In function 'connectLib__E2L_2_dynsup__module__0x10000001_behavioral_pCompare':
<stdin>:1056:1475: warning: assignment makes integer from pointer without a cast [enabled by default]
<stdin>:1056:1222: warning: passing argument 1 of 'memcpy' makes pointer from integer without a cast [enabled by default]
In file included from /share/instsww/cadence/INCISIVE.15.20.076/tools.lnx86/spectre/ahdlcmi/include/ahdlPiCmi.h:5:0,
                 from /share/instsww/cadence/INCISIVE.15.20.076/tools.lnx86/spectre/ahdlcmi/include/ahdlDevLibGlobal.h:81,
                 from <stdin>:24:
/usr/include/string.h:42:14: note: expected 'void * __restrict__' but argument is of type 'long int'
 extern void *memcpy (void *__restrict __dest, const void *__restrict __src,
              ^
<stdin>:1056:1222: warning: passing argument 2 of 'memcpy' makes pointer from integer without a cast [enabled by default]
In file included from /share/instsww/cadence/INCISIVE.15.20.076/tools.lnx86/spectre/ahdlcmi/include/ahdlPiCmi.h:5:0,
                 from /share/instsww/cadence/INCISIVE.15.20.076/tools.lnx86/spectre/ahdlcmi/include/ahdlDevLibGlobal.h:81,
                 from <stdin>:24:
/usr/include/string.h:42:14: note: expected 'const void * __restrict__' but argument is of type 'long int'
 extern void *memcpy (void *__restrict __dest, const void *__restrict __src,
              ^
<stdin>:1056:1712: warning: assignment makes integer from pointer without a cast [enabled by default]
<stdin>: In function 'connectLib__E2L_2_dynsup__module__0x10000001_behavioral_pGetMatrixPointers':
<stdin>:1062:1901: warning: assignment makes integer from pointer without a cast [enabled by default]
<stdin>: In function 'connectLib__E2L_2_dynsup__module__0x10000001_behavioral_pAnalTranLoad':
<stdin>:1104:2225: warning: passing argument 1 of 'aslDevFillZeorDiagonalElemet' makes pointer from integer without a cast [enabled by default]
In file included from <stdin>:24:0:
/share/instsww/cadence/INCISIVE.15.20.076/tools.lnx86/spectre/ahdlcmi/include/ahdlDevLibGlobal.h:2419:37: note: expected 'void *' but argument is of type 'long int'
     ASL_FUNC_DECL_START extern void aslDevFillZeorDiagonalElemet( void *, int, unsigned int, struct ahdlFuncModeParam * );
                                     ^
<stdin>: In function 'connectLib__E2L_2_dynsup__module__0x10000001_behavioral_pSaveRestart':
<stdin>:1130:668: warning: passing argument 2 of 'aslDevAvarSR' from incompatible pointer type [enabled by default]
In file included from <stdin>:24:0:
/share/instsww/cadence/INCISIVE.15.20.076/tools.lnx86/spectre/ahdlcmi/include/ahdlDevLibGlobal.h:1203:43: note: expected 'struct ahdlAnalogVar *' but argument is of type 'char *'
     ASL_FUNC_DECL_START extern PklError_e aslDevAvarSR( int, struct ahdlAnalogVar *, char *, char *, char *, PklJar_t * );
                                           ^
<stdin>: In function 'connectLib__E2L_2_dynsup__module__0x10000001_behavioral_pSaveRestartInst':
<stdin>:1133:670: warning: passing argument 2 of 'aslDevAvarSR' from incompatible pointer type [enabled by default]
In file included from <stdin>:24:0:
/share/instsww/cadence/INCISIVE.15.20.076/tools.lnx86/spectre/ahdlcmi/include/ahdlDevLibGlobal.h:1203:43: note: expected 'struct ahdlAnalogVar *' but argument is of type 'char *'
     ASL_FUNC_DECL_START extern PklError_e aslDevAvarSR( int, struct ahdlAnalogVar *, char *, char *, char *, PklJar_t * );
                                           ^
rm -f -rf connectLib__E2L_2_dynsup__module__0x10000001_behavioral_DcFuncLoad.c
rm -f -rf connectLib__E2L_2_dynsup__module__0x10000001_behavioral_TranFuncLoad.c
rm -f -rf connectLib__E2L_2_dynsup__module__0x10000001_behavioral_DcFuncDerLoad.c
rm -f -rf connectLib__E2L_2_dynsup__module__0x10000001_behavioral_TranFuncDerLoad.c
rm -f -rf connectLib__E2L_2_dynsup__module__0x10000001_behavioral_func.c
rm -f -rf connectLib__E2L_2_dynsup__module__0x10000001_behavioral_cmi_c.c
/share/instsww/cadence/INCISIVE.15.20.076/tools.lnx86/cdsgcc/gcc/4.8/bin/gcc -shared -O3 -m64 -fPIC -o obj/optimize/5.0/libahdlcmi_connectLib__E2L_2_dynsup__module__0x10000001_behavioral.so ./obj/optimize/5.0/connectLib__E2L_2_dynsup__module__0x10000001_behavioral_func.o ./obj/optimize/5.0/connectLib__E2L_2_dynsup__module__0x10000001_behavioral_DcFuncDerLoad.o ./obj/optimize/5.0/connectLib__E2L_2_dynsup__module__0x10000001_behavioral_DcFuncLoad.o ./obj/optimize/5.0/connectLib__E2L_2_dynsup__module__0x10000001_behavioral_TranFuncDerLoad.o ./obj/optimize/5.0/connectLib__E2L_2_dynsup__module__0x10000001_behavioral_TranFuncLoad.o ./obj/optimize/5.0/connectLib__E2L_2_dynsup__module__0x10000001_behavioral_cmi_c.o  -Wl,-rpath,/usr/lib -Wl,-rpath,/lib -s 
