amspacktool: WARNING: 64bit executable version of "amspacktool" not found... the 32bit version will  be used instead.
ERROR: Cannot find /home/cc/ee140/fa19/class/ee140-abc/Documents/ee240-project/Sim/zz_system/ams/config/netlist/INCA_libs/AMSD/ams_spice_in/.amsspice_pre.ckt ! 
Notice: /share/instsww/cadence/INCISIVE.15.20.076/tools.lnx86/spectre/etc/configs/spectre.cfg is filtered . 
Notice: /share/instsww/cadence/INCISIVE.15.20.076/tools.lnx86/spectre/etc/configs/mapsubckt.cfg is filtered . 
Copy /home/cc/ee140/fa19/class/ee140-abc/Documents/ee240-project/Sim/zz_system/ams/config/netlist/spiceModels.scs ... 
ln -s /home/cc/ee140/fa19/class/ee140-abc/Documents/ee240-project/Sim/zz_system/ams/config/netlist/INCA_libs/AMSD/ams_spice_in/.a//home/cc/ee140/fa19/class/ee140-abc/Documents/ee240-project/Sim/zz_system/ams/config/netlist/spiceModels.scs /home/cc/ee140/fa19/class/ee140-abc/Documents/ee240-project/Sim/zz_system/ams/config/netlist/INCA_libs/AMSD/ams_spice_in/.a/. 
Use of uninitialized value $i in numeric lt (<) at /share/instsww/cadence/INCISIVE.15.20.076/tools/spectre/amspacktool/bin/32bit/amspacktool line 292, <LF> line 43.
Use of uninitialized value $i in array element at /share/instsww/cadence/INCISIVE.15.20.076/tools/spectre/amspacktool/bin/32bit/amspacktool line 294, <LF> line 43.
Use of uninitialized value $binary_num in numeric eq (==) at /share/instsww/cadence/INCISIVE.15.20.076/tools/spectre/amspacktool/bin/32bit/amspacktool line 297, <LF> line 43.
Use of uninitialized value $i in numeric eq (==) at /share/instsww/cadence/INCISIVE.15.20.076/tools/spectre/amspacktool/bin/32bit/amspacktool line 297, <LF> line 43.
Use of uninitialized value $binary_num in numeric eq (==) at /share/instsww/cadence/INCISIVE.15.20.076/tools/spectre/amspacktool/bin/32bit/amspacktool line 297, <LF> line 43.
Use of uninitialized value $i in numeric eq (==) at /share/instsww/cadence/INCISIVE.15.20.076/tools/spectre/amspacktool/bin/32bit/amspacktool line 297, <LF> line 43.
Use of uninitialized value $binary_num in numeric eq (==) at /share/instsww/cadence/INCISIVE.15.20.076/tools/spectre/amspacktool/bin/32bit/amspacktool line 297, <LF> line 43.
Use of uninitialized value $binary_num in numeric eq (==) at /share/instsww/cadence/INCISIVE.15.20.076/tools/spectre/amspacktool/bin/32bit/amspacktool line 297, <LF> line 43.
Use of uninitialized value $binary_num in numeric eq (==) at /share/instsww/cadence/INCISIVE.15.20.076/tools/spectre/amspacktool/bin/32bit/amspacktool line 297, <LF> line 43.
Use of uninitialized value $binary_num in numeric eq (==) at /share/instsww/cadence/INCISIVE.15.20.076/tools/spectre/amspacktool/bin/32bit/amspacktool line 297, <LF> line 43.
Use of uninitialized value $binary_num in numeric eq (==) at /share/instsww/cadence/INCISIVE.15.20.076/tools/spectre/amspacktool/bin/32bit/amspacktool line 297, <LF> line 43.
Use of uninitialized value $binary_num in numeric eq (==) at /share/instsww/cadence/INCISIVE.15.20.076/tools/spectre/amspacktool/bin/32bit/amspacktool line 297, <LF> line 43.
Use of uninitialized value $binary_num in numeric eq (==) at /share/instsww/cadence/INCISIVE.15.20.076/tools/spectre/amspacktool/bin/32bit/amspacktool line 297, <LF> line 43.
Use of uninitialized value $binary_num in numeric eq (==) at /share/instsww/cadence/INCISIVE.15.20.076/tools/spectre/amspacktool/bin/32bit/amspacktool line 297, <LF> line 43.
Use of uninitialized value $binary_num in numeric eq (==) at /share/instsww/cadence/INCISIVE.15.20.076/tools/spectre/amspacktool/bin/32bit/amspacktool line 297, <LF> line 43.
Use of uninitialized value $binary_num in numeric eq (==) at /share/instsww/cadence/INCISIVE.15.20.076/tools/spectre/amspacktool/bin/32bit/amspacktool line 297, <LF> line 43.
Use of uninitialized value $binary_num in numeric eq (==) at /share/instsww/cadence/INCISIVE.15.20.076/tools/spectre/amspacktool/bin/32bit/amspacktool line 297, <LF> line 43.
Use of uninitialized value $binary_num in numeric eq (==) at /share/instsww/cadence/INCISIVE.15.20.076/tools/spectre/amspacktool/bin/32bit/amspacktool line 297, <LF> line 43.
Use of uninitialized value $binary_num in numeric eq (==) at /share/instsww/cadence/INCISIVE.15.20.076/tools/spectre/amspacktool/bin/32bit/amspacktool line 297, <LF> line 43.
Use of uninitialized value $binary_num in numeric eq (==) at /share/instsww/cadence/INCISIVE.15.20.076/tools/spectre/amspacktool/bin/32bit/amspacktool line 297, <LF> line 43.
Use of uninitialized value $binary_num in numeric eq (==) at /share/instsww/cadence/INCISIVE.15.20.076/tools/spectre/amspacktool/bin/32bit/amspacktool line 297, <LF> line 43.
Use of uninitialized value $binary_num in numeric eq (==) at /share/instsww/cadence/INCISIVE.15.20.076/tools/spectre/amspacktool/bin/32bit/amspacktool line 297, <LF> line 43.
Use of uninitialized value $binary_num in numeric eq (==) at /share/instsww/cadence/INCISIVE.15.20.076/tools/spectre/amspacktool/bin/32bit/amspacktool line 297, <LF> line 43.
Use of uninitialized value $binary_num in numeric eq (==) at /share/instsww/cadence/INCISIVE.15.20.076/tools/spectre/amspacktool/bin/32bit/amspacktool line 297, <LF> line 43.
Use of uninitialized value $binary_num in numeric eq (==) at /share/instsww/cadence/INCISIVE.15.20.076/tools/spectre/amspacktool/bin/32bit/amspacktool line 297, <LF> line 43.
Use of uninitialized value $binary_num in numeric eq (==) at /share/instsww/cadence/INCISIVE.15.20.076/tools/spectre/amspacktool/bin/32bit/amspacktool line 297, <LF> line 43.
Use of uninitialized value $binary_num in numeric eq (==) at /share/instsww/cadence/INCISIVE.15.20.076/tools/spectre/amspacktool/bin/32bit/amspacktool line 297, <LF> line 43.
Use of uninitialized value $binary_num in numeric eq (==) at /share/instsww/cadence/INCISIVE.15.20.076/tools/spectre/amspacktool/bin/32bit/amspacktool line 297, <LF> line 43.
Use of uninitialized value $binary_num in numeric eq (==) at /share/instsww/cadence/INCISIVE.15.20.076/tools/spectre/amspacktool/bin/32bit/amspacktool line 297, <LF> line 43.
Use of uninitialized value $binary_num in numeric eq (==) at /share/instsww/cadence/INCISIVE.15.20.076/tools/spectre/amspacktool/bin/32bit/amspacktool line 297, <LF> line 43.
Copy /home/ff/ee140/fa19/xfab/XKIT/xt018/cadence/v8_0/spectre/v8_0_2/lp5mos/config.scs ... 
Copy /home/ff/ee140/fa19/xfab/XKIT/xt018/cadence/v8_0/spectre/v8_0_2/lp5mos/param.scs ... 
Copy /home/ff/ee140/fa19/xfab/XKIT/xt018/cadence/v8_0/spectre/v8_0_2/lp5mos/bip.scs ... 
Copy /home/ff/ee140/fa19/xfab/XKIT/xt018/cadence/v8_0/spectre/v8_0_2/lp5mos/models/bip/tm_bip.scs ... 
Copy /home/ff/ee140/fa19/xfab/XKIT/xt018/cadence/v8_0/spectre/v8_0_2/lp5mos/models/bip/qpva.scs ... 
Copy /home/ff/ee140/fa19/xfab/XKIT/xt018/cadence/v8_0/spectre/v8_0_2/lp5mos/models/bip/qpva_dbc.scs ... 
Copy /home/ff/ee140/fa19/xfab/XKIT/xt018/cadence/v8_0/spectre/v8_0_2/lp5mos/models/bip/qpvb.scs ... 
Copy /home/ff/ee140/fa19/xfab/XKIT/xt018/cadence/v8_0/spectre/v8_0_2/lp5mos/models/bip/qpvb_dbc.scs ... 
Copy /home/ff/ee140/fa19/xfab/XKIT/xt018/cadence/v8_0/spectre/v8_0_2/lp5mos/models/bip/qpvc.scs ... 
Copy /home/ff/ee140/fa19/xfab/XKIT/xt018/cadence/v8_0/spectre/v8_0_2/lp5mos/models/bip/qpvc_dbc.scs ... 
Copy /home/ff/ee140/fa19/xfab/XKIT/xt018/cadence/v8_0/spectre/v8_0_2/lp5mos/models/bip/qpva5.scs ... 
Copy /home/ff/ee140/fa19/xfab/XKIT/xt018/cadence/v8_0/spectre/v8_0_2/lp5mos/models/bip/qpva5_dbc.scs ... 
Copy /home/ff/ee140/fa19/xfab/XKIT/xt018/cadence/v8_0/spectre/v8_0_2/lp5mos/models/bip/qpvb5.scs ... 
Copy /home/ff/ee140/fa19/xfab/XKIT/xt018/cadence/v8_0/spectre/v8_0_2/lp5mos/models/bip/qpvb5_dbc.scs ... 
Copy /home/ff/ee140/fa19/xfab/XKIT/xt018/cadence/v8_0/spectre/v8_0_2/lp5mos/models/bip/qpvc5.scs ... 
Copy /home/ff/ee140/fa19/xfab/XKIT/xt018/cadence/v8_0/spectre/v8_0_2/lp5mos/models/bip/qpvc5_dbc.scs ... 
Copy /home/ff/ee140/fa19/xfab/XKIT/xt018/cadence/v8_0/spectre/v8_0_2/lp5mos/models/bip/qpve.scs ... 
Copy /home/ff/ee140/fa19/xfab/XKIT/xt018/cadence/v8_0/spectre/v8_0_2/lp5mos/models/bip/qpve_dbc.scs ... 
Copy /home/ff/ee140/fa19/xfab/XKIT/xt018/cadence/v8_0/spectre/v8_0_2/lp5mos/models/bip/qpvf.scs ... 
Copy /home/ff/ee140/fa19/xfab/XKIT/xt018/cadence/v8_0/spectre/v8_0_2/lp5mos/models/bip/qpvf_dbc.scs ... 
Copy /home/ff/ee140/fa19/xfab/XKIT/xt018/cadence/v8_0/spectre/v8_0_2/lp5mos/models/bip/qpvg.scs ... 
Copy /home/ff/ee140/fa19/xfab/XKIT/xt018/cadence/v8_0/spectre/v8_0_2/lp5mos/models/bip/qpvg_dbc.scs ... 
Copy /home/ff/ee140/fa19/xfab/XKIT/xt018/cadence/v8_0/spectre/v8_0_2/lp5mos/models/bip/qpve5.scs ... 
Copy /home/ff/ee140/fa19/xfab/XKIT/xt018/cadence/v8_0/spectre/v8_0_2/lp5mos/models/bip/qpve5_dbc.scs ... 
Copy /home/ff/ee140/fa19/xfab/XKIT/xt018/cadence/v8_0/spectre/v8_0_2/lp5mos/models/bip/qpvf5.scs ... 
Copy /home/ff/ee140/fa19/xfab/XKIT/xt018/cadence/v8_0/spectre/v8_0_2/lp5mos/models/bip/qpvf5_dbc.scs ... 
Copy /home/ff/ee140/fa19/xfab/XKIT/xt018/cadence/v8_0/spectre/v8_0_2/lp5mos/models/bip/qpvg5.scs ... 
Copy /home/ff/ee140/fa19/xfab/XKIT/xt018/cadence/v8_0/spectre/v8_0_2/lp5mos/models/bip/qpvg5_dbc.scs ... 
Copy /home/ff/ee140/fa19/xfab/XKIT/xt018/cadence/v8_0/spectre/v8_0_2/lp5mos/models/bip/qnv5.scs ... 
Copy /home/ff/ee140/fa19/xfab/XKIT/xt018/cadence/v8_0/spectre/v8_0_2/lp5mos/models/bip/qpv5.scs ... 
Copy /home/ff/ee140/fa19/xfab/XKIT/xt018/cadence/v8_0/spectre/v8_0_2/lp5mos/cap.scs ... 
Copy /home/ff/ee140/fa19/xfab/XKIT/xt018/cadence/v8_0/spectre/v8_0_2/lp5mos/models/cap/tm_cap.scs ... 
Copy /home/ff/ee140/fa19/xfab/XKIT/xt018/cadence/v8_0/spectre/v8_0_2/lp5mos/models/cap/cdmm4.scs ... 
Copy /home/ff/ee140/fa19/xfab/XKIT/xt018/cadence/v8_0/spectre/v8_0_2/lp5mos/models/cap/cdmm5.scs ... 
Copy /home/ff/ee140/fa19/xfab/XKIT/xt018/cadence/v8_0/spectre/v8_0_2/lp5mos/models/cap/cdmm4t.scs ... 
Copy /home/ff/ee140/fa19/xfab/XKIT/xt018/cadence/v8_0/spectre/v8_0_2/lp5mos/models/cap/cdmm5t.scs ... 
Copy /home/ff/ee140/fa19/xfab/XKIT/xt018/cadence/v8_0/spectre/v8_0_2/lp5mos/models/cap/ctmm5.scs ... 
Copy /home/ff/ee140/fa19/xfab/XKIT/xt018/cadence/v8_0/spectre/v8_0_2/lp5mos/models/cap/ctmm5t.scs ... 
Copy /home/ff/ee140/fa19/xfab/XKIT/xt018/cadence/v8_0/spectre/v8_0_2/lp5mos/models/cap/cmm3.scs ... 
Copy /home/ff/ee140/fa19/xfab/XKIT/xt018/cadence/v8_0/spectre/v8_0_2/lp5mos/models/cap/cmm4.scs ... 
Copy /home/ff/ee140/fa19/xfab/XKIT/xt018/cadence/v8_0/spectre/v8_0_2/lp5mos/models/cap/cmm5.scs ... 
Copy /home/ff/ee140/fa19/xfab/XKIT/xt018/cadence/v8_0/spectre/v8_0_2/lp5mos/models/cap/cmm3t.scs ... 
Copy /home/ff/ee140/fa19/xfab/XKIT/xt018/cadence/v8_0/spectre/v8_0_2/lp5mos/models/cap/cmm4t.scs ... 
Copy /home/ff/ee140/fa19/xfab/XKIT/xt018/cadence/v8_0/spectre/v8_0_2/lp5mos/models/cap/cmm5t.scs ... 
Copy /home/ff/ee140/fa19/xfab/XKIT/xt018/cadence/v8_0/spectre/v8_0_2/lp5mos/models/cap/cmm6t.scs ... 
Copy /home/ff/ee140/fa19/xfab/XKIT/xt018/cadence/v8_0/spectre/v8_0_2/lp5mos/models/cap/cmmh3.scs ... 
Copy /home/ff/ee140/fa19/xfab/XKIT/xt018/cadence/v8_0/spectre/v8_0_2/lp5mos/models/cap/cmmh4.scs ... 
Copy /home/ff/ee140/fa19/xfab/XKIT/xt018/cadence/v8_0/spectre/v8_0_2/lp5mos/models/cap/cmmh5.scs ... 
Copy /home/ff/ee140/fa19/xfab/XKIT/xt018/cadence/v8_0/spectre/v8_0_2/lp5mos/models/cap/cmmh3t.scs ... 
Copy /home/ff/ee140/fa19/xfab/XKIT/xt018/cadence/v8_0/spectre/v8_0_2/lp5mos/models/cap/cmmh4t.scs ... 
Copy /home/ff/ee140/fa19/xfab/XKIT/xt018/cadence/v8_0/spectre/v8_0_2/lp5mos/models/cap/cmmh5t.scs ... 
Copy /home/ff/ee140/fa19/xfab/XKIT/xt018/cadence/v8_0/spectre/v8_0_2/lp5mos/models/cap/cmmh6t.scs ... 
Copy /home/ff/ee140/fa19/xfab/XKIT/xt018/cadence/v8_0/spectre/v8_0_2/lp5mos/models/cap/cdmmh4.scs ... 
Copy /home/ff/ee140/fa19/xfab/XKIT/xt018/cadence/v8_0/spectre/v8_0_2/lp5mos/models/cap/cdmmh5.scs ... 
Copy /home/ff/ee140/fa19/xfab/XKIT/xt018/cadence/v8_0/spectre/v8_0_2/lp5mos/models/cap/cdmmh4t.scs ... 
Copy /home/ff/ee140/fa19/xfab/XKIT/xt018/cadence/v8_0/spectre/v8_0_2/lp5mos/models/cap/cdmmh5t.scs ... 
Copy /home/ff/ee140/fa19/xfab/XKIT/xt018/cadence/v8_0/spectre/v8_0_2/lp5mos/models/cap/ctmmh5t.scs ... 
Copy /home/ff/ee140/fa19/xfab/XKIT/xt018/cadence/v8_0/spectre/v8_0_2/lp5mos/models/cap/ctmmh5.scs ... 
Copy /home/ff/ee140/fa19/xfab/XKIT/xt018/cadence/v8_0/spectre/v8_0_2/lp5mos/models/cap/cmmh4l.scs ... 
Copy /home/ff/ee140/fa19/xfab/XKIT/xt018/cadence/v8_0/spectre/v8_0_2/lp5mos/models/cap/cmmh5l.scs ... 
Copy /home/ff/ee140/fa19/xfab/XKIT/xt018/cadence/v8_0/spectre/v8_0_2/lp5mos/models/cap/cmmh6l.scs ... 
Copy /home/ff/ee140/fa19/xfab/XKIT/xt018/cadence/v8_0/spectre/v8_0_2/lp5mos/models/cap/csandwt3.scs ... 
Copy /home/ff/ee140/fa19/xfab/XKIT/xt018/cadence/v8_0/spectre/v8_0_2/lp5mos/models/cap/csandwt4.scs ... 
Copy /home/ff/ee140/fa19/xfab/XKIT/xt018/cadence/v8_0/spectre/v8_0_2/lp5mos/models/cap/csandwt5.scs ... 
Copy /home/ff/ee140/fa19/xfab/XKIT/xt018/cadence/v8_0/spectre/v8_0_2/lp5mos/models/cap/cp1sub.scs ... 
Copy /home/ff/ee140/fa19/xfab/XKIT/xt018/cadence/v8_0/spectre/v8_0_2/lp5mos/models/cap/cp1suba.scs ... 
Copy /home/ff/ee140/fa19/xfab/XKIT/xt018/cadence/v8_0/spectre/v8_0_2/lp5mos/models/cap/cp1subp.scs ... 
Copy /home/ff/ee140/fa19/xfab/XKIT/xt018/cadence/v8_0/spectre/v8_0_2/lp5mos/models/cap/csf2p.scs ... 
Copy /home/ff/ee140/fa19/xfab/XKIT/xt018/cadence/v8_0/spectre/v8_0_2/lp5mos/models/cap/csf3p.scs ... 
Copy /home/ff/ee140/fa19/xfab/XKIT/xt018/cadence/v8_0/spectre/v8_0_2/lp5mos/models/cap/csf3.scs ... 
Copy /home/ff/ee140/fa19/xfab/XKIT/xt018/cadence/v8_0/spectre/v8_0_2/lp5mos/models/cap/csf4.scs ... 
Copy /home/ff/ee140/fa19/xfab/XKIT/xt018/cadence/v8_0/spectre/v8_0_2/lp5mos/models/cap/csf5.scs ... 
Copy /home/ff/ee140/fa19/xfab/XKIT/xt018/cadence/v8_0/spectre/v8_0_2/lp5mos/models/cap/csft4.scs ... 
Copy /home/ff/ee140/fa19/xfab/XKIT/xt018/cadence/v8_0/spectre/v8_0_2/lp5mos/models/cap/csft5.scs ... 
Copy /home/ff/ee140/fa19/xfab/XKIT/xt018/cadence/v8_0/spectre/v8_0_2/lp5mos/models/cap/csft6.scs ... 
Copy /home/ff/ee140/fa19/xfab/XKIT/xt018/cadence/v8_0/spectre/v8_0_2/lp5mos/models/cap/csf3a.scs ... 
Copy /home/ff/ee140/fa19/xfab/XKIT/xt018/cadence/v8_0/spectre/v8_0_2/lp5mos/models/cap/csf4a.scs ... 
Copy /home/ff/ee140/fa19/xfab/XKIT/xt018/cadence/v8_0/spectre/v8_0_2/lp5mos/models/cap/csf5a.scs ... 
Copy /home/ff/ee140/fa19/xfab/XKIT/xt018/cadence/v8_0/spectre/v8_0_2/lp5mos/models/cap/csft4a.scs ... 
Copy /home/ff/ee140/fa19/xfab/XKIT/xt018/cadence/v8_0/spectre/v8_0_2/lp5mos/models/cap/csft5a.scs ... 
Copy /home/ff/ee140/fa19/xfab/XKIT/xt018/cadence/v8_0/spectre/v8_0_2/lp5mos/models/cap/csft6a.scs ... 
Copy /home/ff/ee140/fa19/xfab/XKIT/xt018/cadence/v8_0/spectre/v8_0_2/lp5mos/models/cap/p_cap.scs ... 
Copy /home/ff/ee140/fa19/xfab/XKIT/xt018/cadence/v8_0/spectre/v8_0_2/lp5mos/models/cap/mosvc.scs ... 
Copy /home/ff/ee140/fa19/xfab/XKIT/xt018/cadence/v8_0/spectre/v8_0_2/lp5mos/models/cap/mosvc_pmos.scs ... 
Copy /home/ff/ee140/fa19/xfab/XKIT/xt018/cadence/v8_0/spectre/v8_0_2/lp5mos/models/cap/mosvcti.scs ... 
Copy /home/ff/ee140/fa19/xfab/XKIT/xt018/cadence/v8_0/spectre/v8_0_2/lp5mos/models/cap/mosvcti_nmos.scs ... 
Copy /home/ff/ee140/fa19/xfab/XKIT/xt018/cadence/v8_0/spectre/v8_0_2/lp5mos/models/cap/mosvc5.scs ... 
Copy /home/ff/ee140/fa19/xfab/XKIT/xt018/cadence/v8_0/spectre/v8_0_2/lp5mos/models/cap/mosvc5_pmos.scs ... 
Copy /home/ff/ee140/fa19/xfab/XKIT/xt018/cadence/v8_0/spectre/v8_0_2/lp5mos/models/cap/mosvc5ti.scs ... 
Copy /home/ff/ee140/fa19/xfab/XKIT/xt018/cadence/v8_0/spectre/v8_0_2/lp5mos/models/cap/mosvc5ti_nmos.scs ... 
Copy /home/ff/ee140/fa19/xfab/XKIT/xt018/cadence/v8_0/spectre/v8_0_2/lp5mos/models/cap/cif3.scs ... 
Copy /home/ff/ee140/fa19/xfab/XKIT/xt018/cadence/v8_0/spectre/v8_0_2/lp5mos/models/cap/cif4.scs ... 
Copy /home/ff/ee140/fa19/xfab/XKIT/xt018/cadence/v8_0/spectre/v8_0_2/lp5mos/models/cap/cif5.scs ... 
Copy /home/ff/ee140/fa19/xfab/XKIT/xt018/cadence/v8_0/spectre/v8_0_2/lp5mos/models/cap/tag_25v.scs ... 
Copy /home/ff/ee140/fa19/xfab/XKIT/xt018/cadence/v8_0/spectre/v8_0_2/lp5mos/models/cap/tag_60v.scs ... 
Copy /home/ff/ee140/fa19/xfab/XKIT/xt018/cadence/v8_0/spectre/v8_0_2/lp5mos/models/cap/tag_100v.scs ... 
Copy /home/ff/ee140/fa19/xfab/XKIT/xt018/cadence/v8_0/spectre/v8_0_2/lp5mos/models/cap/tag_200v.scs ... 
Copy /home/ff/ee140/fa19/xfab/XKIT/xt018/cadence/v8_0/spectre/v8_0_2/lp5mos/models/cap/tag_m25v.scs ... 
Copy /home/ff/ee140/fa19/xfab/XKIT/xt018/cadence/v8_0/spectre/v8_0_2/lp5mos/models/cap/tag_m60v.scs ... 
Copy /home/ff/ee140/fa19/xfab/XKIT/xt018/cadence/v8_0/spectre/v8_0_2/lp5mos/models/cap/tag_m100v.scs ... 
Copy /home/ff/ee140/fa19/xfab/XKIT/xt018/cadence/v8_0/spectre/v8_0_2/lp5mos/models/cap/tag_m200v.scs ... 
Copy /home/ff/ee140/fa19/xfab/XKIT/xt018/cadence/v8_0/spectre/v8_0_2/lp5mos/dio.scs ... 
Copy /home/ff/ee140/fa19/xfab/XKIT/xt018/cadence/v8_0/spectre/v8_0_2/lp5mos/models/dio/tm_dio.scs ... 
Copy /home/ff/ee140/fa19/xfab/XKIT/xt018/cadence/v8_0/spectre/v8_0_2/lp5mos/models/dio/dn.scs ... 
Copy /home/ff/ee140/fa19/xfab/XKIT/xt018/cadence/v8_0/spectre/v8_0_2/lp5mos/models/dio/dp.scs ... 
Copy /home/ff/ee140/fa19/xfab/XKIT/xt018/cadence/v8_0/spectre/v8_0_2/lp5mos/models/dio/dnw.scs ... 
Copy /home/ff/ee140/fa19/xfab/XKIT/xt018/cadence/v8_0/spectre/v8_0_2/lp5mos/models/dio/dn5.scs ... 
Copy /home/ff/ee140/fa19/xfab/XKIT/xt018/cadence/v8_0/spectre/v8_0_2/lp5mos/models/dio/dp5.scs ... 
Copy /home/ff/ee140/fa19/xfab/XKIT/xt018/cadence/v8_0/spectre/v8_0_2/lp5mos/models/dio/dnw5.scs ... 
Copy /home/ff/ee140/fa19/xfab/XKIT/xt018/cadence/v8_0/spectre/v8_0_2/lp5mos/models/dio/dhw2a.scs ... 
Copy /home/ff/ee140/fa19/xfab/XKIT/xt018/cadence/v8_0/spectre/v8_0_2/lp5mos/models/dio/dhw2.scs ... 
Copy /home/ff/ee140/fa19/xfab/XKIT/xt018/cadence/v8_0/spectre/v8_0_2/lp5mos/models/dio/dhw3.scs ... 
Copy /home/ff/ee140/fa19/xfab/XKIT/xt018/cadence/v8_0/spectre/v8_0_2/lp5mos/models/dio/dfwdpa.scs ... 
Copy /home/ff/ee140/fa19/xfab/XKIT/xt018/cadence/v8_0/spectre/v8_0_2/lp5mos/models/dio/dfwnsj1_7.scs ... 
Copy /home/ff/ee140/fa19/xfab/XKIT/xt018/cadence/v8_0/spectre/v8_0_2/lp5mos/models/dio/dfwnsj1_10.scs ... 
Copy /home/ff/ee140/fa19/xfab/XKIT/xt018/cadence/v8_0/spectre/v8_0_2/lp5mos/models/dio/dfwnsj1_16c.scs ... 
Copy /home/ff/ee140/fa19/xfab/XKIT/xt018/cadence/v8_0/spectre/v8_0_2/lp5mos/models/dio/dfwpsj1_7.scs ... 
Copy /home/ff/ee140/fa19/xfab/XKIT/xt018/cadence/v8_0/spectre/v8_0_2/lp5mos/models/dio/dfwpsj1_10.scs ... 
Copy /home/ff/ee140/fa19/xfab/XKIT/xt018/cadence/v8_0/spectre/v8_0_2/lp5mos/models/dio/dfwpsj1_16c.scs ... 
Copy /home/ff/ee140/fa19/xfab/XKIT/xt018/cadence/v8_0/spectre/v8_0_2/lp5mos/models/dio/dpp6.scs ... 
Copy /home/ff/ee140/fa19/xfab/XKIT/xt018/cadence/v8_0/spectre/v8_0_2/lp5mos/models/dio/dpp7.scs ... 
Copy /home/ff/ee140/fa19/xfab/XKIT/xt018/cadence/v8_0/spectre/v8_0_2/lp5mos/models/dio/dnp7.scs ... 
Copy /home/ff/ee140/fa19/xfab/XKIT/xt018/cadence/v8_0/spectre/v8_0_2/lp5mos/models/dio/ds5.scs ... 
Copy /home/ff/ee140/fa19/xfab/XKIT/xt018/cadence/v8_0/spectre/v8_0_2/lp5mos/models/dio/ds5a.scs ... 
Copy /home/ff/ee140/fa19/xfab/XKIT/xt018/cadence/v8_0/spectre/v8_0_2/lp5mos/models/dio/dfwdn5.scs ... 
Copy /home/ff/ee140/fa19/xfab/XKIT/xt018/cadence/v8_0/spectre/v8_0_2/lp5mos/models/dio/dfwdnt.scs ... 
Copy /home/ff/ee140/fa19/xfab/XKIT/xt018/cadence/v8_0/spectre/v8_0_2/lp5mos/models/dio/dfwdnu.scs ... 
Copy /home/ff/ee140/fa19/xfab/XKIT/xt018/cadence/v8_0/spectre/v8_0_2/lp5mos/models/dio/dfwdpta.scs ... 
Copy /home/ff/ee140/fa19/xfab/XKIT/xt018/cadence/v8_0/spectre/v8_0_2/lp5mos/models/dio/dfwdptb.scs ... 
Copy /home/ff/ee140/fa19/xfab/XKIT/xt018/cadence/v8_0/spectre/v8_0_2/lp5mos/models/dio/dfwdpu.scs ... 
Copy /home/ff/ee140/fa19/xfab/XKIT/xt018/cadence/v8_0/spectre/v8_0_2/lp5mos/models/dio/dnpa.scs ... 
Copy /home/ff/ee140/fa19/xfab/XKIT/xt018/cadence/v8_0/spectre/v8_0_2/lp5mos/models/dio/dnpati.scs ... 
Copy /home/ff/ee140/fa19/xfab/XKIT/xt018/cadence/v8_0/spectre/v8_0_2/lp5mos/models/dio/dza.scs ... 
Copy /home/ff/ee140/fa19/xfab/XKIT/xt018/cadence/v8_0/spectre/v8_0_2/lp5mos/models/dio/dzati.scs ... 
Copy /home/ff/ee140/fa19/xfab/XKIT/xt018/cadence/v8_0/spectre/v8_0_2/lp5mos/models/dio/dzbti.scs ... 
Copy /home/ff/ee140/fa19/xfab/XKIT/xt018/cadence/v8_0/spectre/v8_0_2/lp5mos/models/dio/drxw.scs ... 
Copy /home/ff/ee140/fa19/xfab/XKIT/xt018/cadence/v8_0/spectre/v8_0_2/lp5mos/models/dio/dnw5mva.scs ... 
Copy /home/ff/ee140/fa19/xfab/XKIT/xt018/cadence/v8_0/spectre/v8_0_2/lp5mos/models/dio/dnn.scs ... 
Copy /home/ff/ee140/fa19/xfab/XKIT/xt018/cadence/v8_0/spectre/v8_0_2/lp5mos/models/dio/dnn5.scs ... 
Copy /home/ff/ee140/fa19/xfab/XKIT/xt018/cadence/v8_0/spectre/v8_0_2/lp5mos/models/dio/dfwdnha.scs ... 
Copy /home/ff/ee140/fa19/xfab/XKIT/xt018/cadence/v8_0/spectre/v8_0_2/lp5mos/models/dio/dfwdnhb.scs ... 
Copy /home/ff/ee140/fa19/xfab/XKIT/xt018/cadence/v8_0/spectre/v8_0_2/lp5mos/models/dio/dfwdnhc.scs ... 
Copy /home/ff/ee140/fa19/xfab/XKIT/xt018/cadence/v8_0/spectre/v8_0_2/lp5mos/models/dio/dfwdnhd.scs ... 
Copy /home/ff/ee140/fa19/xfab/XKIT/xt018/cadence/v8_0/spectre/v8_0_2/lp5mos/models/dio/dfwdnhe.scs ... 
Copy /home/ff/ee140/fa19/xfab/XKIT/xt018/cadence/v8_0/spectre/v8_0_2/lp5mos/models/dio/dfwdnhf.scs ... 
Copy /home/ff/ee140/fa19/xfab/XKIT/xt018/cadence/v8_0/spectre/v8_0_2/lp5mos/models/dio/dfwdpha.scs ... 
Copy /home/ff/ee140/fa19/xfab/XKIT/xt018/cadence/v8_0/spectre/v8_0_2/lp5mos/models/dio/dfwdphb.scs ... 
Copy /home/ff/ee140/fa19/xfab/XKIT/xt018/cadence/v8_0/spectre/v8_0_2/lp5mos/models/dio/dfwdphc.scs ... 
Copy /home/ff/ee140/fa19/xfab/XKIT/xt018/cadence/v8_0/spectre/v8_0_2/lp5mos/models/dio/dfwdphd.scs ... 
Copy /home/ff/ee140/fa19/xfab/XKIT/xt018/cadence/v8_0/spectre/v8_0_2/lp5mos/models/dio/dfwdphe.scs ... 
Copy /home/ff/ee140/fa19/xfab/XKIT/xt018/cadence/v8_0/spectre/v8_0_2/lp5mos/models/dio/dfwdphf.scs ... 
Copy /home/ff/ee140/fa19/xfab/XKIT/xt018/cadence/v8_0/spectre/v8_0_2/lp5mos/models/dio/dfwdpb.scs ... 
Copy /home/ff/ee140/fa19/xfab/XKIT/xt018/cadence/v8_0/spectre/v8_0_2/lp5mos/models/dio/dfwdpc.scs ... 
Copy /home/ff/ee140/fa19/xfab/XKIT/xt018/cadence/v8_0/spectre/v8_0_2/lp5mos/models/dio/dfwdpd.scs ... 
Copy /home/ff/ee140/fa19/xfab/XKIT/xt018/cadence/v8_0/spectre/v8_0_2/lp5mos/models/dio/dfwdpe.scs ... 
Copy /home/ff/ee140/fa19/xfab/XKIT/xt018/cadence/v8_0/spectre/v8_0_2/lp5mos/models/dio/dfwdpf.scs ... 
Copy /home/ff/ee140/fa19/xfab/XKIT/xt018/cadence/v8_0/spectre/v8_0_2/lp5mos/mos.scs ... 
Copy /home/ff/ee140/fa19/xfab/XKIT/xt018/cadence/v8_0/spectre/v8_0_2/lp5mos/models/mos/tm_mos.scs ... 
Copy /home/ff/ee140/fa19/xfab/XKIT/xt018/cadence/v8_0/spectre/v8_0_2/lp5mos/models/mos/nn.scs ... 
Copy /home/ff/ee140/fa19/xfab/XKIT/xt018/cadence/v8_0/spectre/v8_0_2/lp5mos/models/mos/nn_jf.scs ... 
Copy /home/ff/ee140/fa19/xfab/XKIT/xt018/cadence/v8_0/spectre/v8_0_2/lp5mos/models/mos/ne.scs ... 
Copy /home/ff/ee140/fa19/xfab/XKIT/xt018/cadence/v8_0/spectre/v8_0_2/lp5mos/models/mos/pe.scs ... 
Copy /home/ff/ee140/fa19/xfab/XKIT/xt018/cadence/v8_0/spectre/v8_0_2/lp5mos/models/mos/ne5.scs ... 
Copy /home/ff/ee140/fa19/xfab/XKIT/xt018/cadence/v8_0/spectre/v8_0_2/lp5mos/models/mos/pe5.scs ... 
Copy /home/ff/ee140/fa19/xfab/XKIT/xt018/cadence/v8_0/spectre/v8_0_2/lp5mos/models/mos/nmva.scs ... 
Copy /home/ff/ee140/fa19/xfab/XKIT/xt018/cadence/v8_0/spectre/v8_0_2/lp5mos/models/mos/pmva.scs ... 
Copy /home/ff/ee140/fa19/xfab/XKIT/xt018/cadence/v8_0/spectre/v8_0_2/lp5mos/models/mos/peti.scs ... 
Copy /home/ff/ee140/fa19/xfab/XKIT/xt018/cadence/v8_0/spectre/v8_0_2/lp5mos/models/mos/pe5ti.scs ... 
Copy /home/ff/ee140/fa19/xfab/XKIT/xt018/cadence/v8_0/spectre/v8_0_2/lp5mos/models/mos/nhsj1_7.scs ... 
Copy /home/ff/ee140/fa19/xfab/XKIT/xt018/cadence/v8_0/spectre/v8_0_2/lp5mos/models/mos/nhsj1_10.scs ... 
Copy /home/ff/ee140/fa19/xfab/XKIT/xt018/cadence/v8_0/spectre/v8_0_2/lp5mos/models/mos/nhsj1_16c.scs ... 
Copy /home/ff/ee140/fa19/xfab/XKIT/xt018/cadence/v8_0/spectre/v8_0_2/lp5mos/models/mos/phsj1_7.scs ... 
Copy /home/ff/ee140/fa19/xfab/XKIT/xt018/cadence/v8_0/spectre/v8_0_2/lp5mos/models/mos/phsj1_10.scs ... 
Copy /home/ff/ee140/fa19/xfab/XKIT/xt018/cadence/v8_0/spectre/v8_0_2/lp5mos/models/mos/phsj1_16c.scs ... 
Copy /home/ff/ee140/fa19/xfab/XKIT/xt018/cadence/v8_0/spectre/v8_0_2/lp5mos/models/mos/nn5.scs ... 
Copy /home/ff/ee140/fa19/xfab/XKIT/xt018/cadence/v8_0/spectre/v8_0_2/lp5mos/models/mos/nn5_jf.scs ... 
Copy /home/ff/ee140/fa19/xfab/XKIT/xt018/cadence/v8_0/spectre/v8_0_2/lp5mos/models/mos/nhvta.scs ... 
Copy /home/ff/ee140/fa19/xfab/XKIT/xt018/cadence/v8_0/spectre/v8_0_2/lp5mos/models/mos/nhvtb.scs ... 
Copy /home/ff/ee140/fa19/xfab/XKIT/xt018/cadence/v8_0/spectre/v8_0_2/lp5mos/models/mos/phvta.scs ... 
Copy /home/ff/ee140/fa19/xfab/XKIT/xt018/cadence/v8_0/spectre/v8_0_2/lp5mos/models/mos/phvtb.scs ... 
Copy /home/ff/ee140/fa19/xfab/XKIT/xt018/cadence/v8_0/spectre/v8_0_2/lp5mos/models/mos/nhvu.scs ... 
Copy /home/ff/ee140/fa19/xfab/XKIT/xt018/cadence/v8_0/spectre/v8_0_2/lp5mos/models/mos/phvu.scs ... 
Copy /home/ff/ee140/fa19/xfab/XKIT/xt018/cadence/v8_0/spectre/v8_0_2/lp5mos/models/mos/nel.scs ... 
Copy /home/ff/ee140/fa19/xfab/XKIT/xt018/cadence/v8_0/spectre/v8_0_2/lp5mos/models/mos/pel.scs ... 
Copy /home/ff/ee140/fa19/xfab/XKIT/xt018/cadence/v8_0/spectre/v8_0_2/lp5mos/models/mos/ndhvt.scs ... 
Copy /home/ff/ee140/fa19/xfab/XKIT/xt018/cadence/v8_0/spectre/v8_0_2/lp5mos/models/mos/pe_5.scs ... 
Copy /home/ff/ee140/fa19/xfab/XKIT/xt018/cadence/v8_0/spectre/v8_0_2/lp5mos/models/mos/pel_5.scs ... 
Copy /home/ff/ee140/fa19/xfab/XKIT/xt018/cadence/v8_0/spectre/v8_0_2/lp5mos/models/mos/pe5_5.scs ... 
Copy /home/ff/ee140/fa19/xfab/XKIT/xt018/cadence/v8_0/spectre/v8_0_2/lp5mos/models/mos/nisj1_16.scs ... 
Copy /home/ff/ee140/fa19/xfab/XKIT/xt018/cadence/v8_0/spectre/v8_0_2/lp5mos/models/mos/nisj1_16_m1.scs ... 
Copy /home/ff/ee140/fa19/xfab/XKIT/xt018/cadence/v8_0/spectre/v8_0_2/lp5mos/models/mos/nisj1_16_q1.scs ... 
Copy /home/ff/ee140/fa19/xfab/XKIT/xt018/cadence/v8_0/spectre/v8_0_2/lp5mos/models/mos/ndhvta.scs ... 
Copy /home/ff/ee140/fa19/xfab/XKIT/xt018/cadence/v8_0/spectre/v8_0_2/lp5mos/models/mos/nd5.scs ... 
Copy /home/ff/ee140/fa19/xfab/XKIT/xt018/cadence/v8_0/spectre/v8_0_2/lp5mos/models/mos/nd5_mos1.scs ... 
Copy /home/ff/ee140/fa19/xfab/XKIT/xt018/cadence/v8_0/spectre/v8_0_2/lp5mos/models/mos/nd5_mos2.scs ... 
Copy /home/ff/ee140/fa19/xfab/XKIT/xt018/cadence/v8_0/spectre/v8_0_2/lp5mos/models/mos/nhvra.scs ... 
Copy /home/ff/ee140/fa19/xfab/XKIT/xt018/cadence/v8_0/spectre/v8_0_2/lp5mos/models/mos/nhvrb.scs ... 
Copy /home/ff/ee140/fa19/xfab/XKIT/xt018/cadence/v8_0/spectre/v8_0_2/lp5mos/models/mos/nhvrc.scs ... 
Copy /home/ff/ee140/fa19/xfab/XKIT/xt018/cadence/v8_0/spectre/v8_0_2/lp5mos/models/mos/nhvrd.scs ... 
Copy /home/ff/ee140/fa19/xfab/XKIT/xt018/cadence/v8_0/spectre/v8_0_2/lp5mos/models/mos/nhvre.scs ... 
Copy /home/ff/ee140/fa19/xfab/XKIT/xt018/cadence/v8_0/spectre/v8_0_2/lp5mos/models/mos/nhvrf.scs ... 
Copy /home/ff/ee140/fa19/xfab/XKIT/xt018/cadence/v8_0/spectre/v8_0_2/lp5mos/models/mos/phvra.scs ... 
Copy /home/ff/ee140/fa19/xfab/XKIT/xt018/cadence/v8_0/spectre/v8_0_2/lp5mos/models/mos/phvrb.scs ... 
Copy /home/ff/ee140/fa19/xfab/XKIT/xt018/cadence/v8_0/spectre/v8_0_2/lp5mos/models/mos/phvrc.scs ... 
Copy /home/ff/ee140/fa19/xfab/XKIT/xt018/cadence/v8_0/spectre/v8_0_2/lp5mos/models/mos/phvrd.scs ... 
Copy /home/ff/ee140/fa19/xfab/XKIT/xt018/cadence/v8_0/spectre/v8_0_2/lp5mos/models/mos/phvre.scs ... 
Copy /home/ff/ee140/fa19/xfab/XKIT/xt018/cadence/v8_0/spectre/v8_0_2/lp5mos/models/mos/phvrf.scs ... 
Copy /home/ff/ee140/fa19/xfab/XKIT/xt018/cadence/v8_0/spectre/v8_0_2/lp5mos/models/mos/pmvb.scs ... 
Copy /home/ff/ee140/fa19/xfab/XKIT/xt018/cadence/v8_0/spectre/v8_0_2/lp5mos/models/mos/pmvc.scs ... 
Copy /home/ff/ee140/fa19/xfab/XKIT/xt018/cadence/v8_0/spectre/v8_0_2/lp5mos/models/mos/pmvd.scs ... 
Copy /home/ff/ee140/fa19/xfab/XKIT/xt018/cadence/v8_0/spectre/v8_0_2/lp5mos/models/mos/pmve.scs ... 
Copy /home/ff/ee140/fa19/xfab/XKIT/xt018/cadence/v8_0/spectre/v8_0_2/lp5mos/models/mos/pmvf.scs ... 
Copy /home/ff/ee140/fa19/xfab/XKIT/xt018/cadence/v8_0/spectre/v8_0_2/lp5mos/models/mos/ndhvrd.scs ... 
Copy /home/ff/ee140/fa19/xfab/XKIT/xt018/cadence/v8_0/spectre/v8_0_2/lp5mos/models/mos/ndhvrf.scs ... 
Copy /home/ff/ee140/fa19/xfab/XKIT/xt018/cadence/v8_0/spectre/v8_0_2/lp5mos/res.scs ... 
Copy /home/ff/ee140/fa19/xfab/XKIT/xt018/cadence/v8_0/spectre/v8_0_2/lp5mos/models/res/tm_res.scs ... 
Copy /home/ff/ee140/fa19/xfab/XKIT/xt018/cadence/v8_0/spectre/v8_0_2/lp5mos/models/res/rnw.scs ... 
Copy /home/ff/ee140/fa19/xfab/XKIT/xt018/cadence/v8_0/spectre/v8_0_2/lp5mos/models/res/rdn.scs ... 
Copy /home/ff/ee140/fa19/xfab/XKIT/xt018/cadence/v8_0/spectre/v8_0_2/lp5mos/models/res/rdp.scs ... 
Copy /home/ff/ee140/fa19/xfab/XKIT/xt018/cadence/v8_0/spectre/v8_0_2/lp5mos/models/res/rnw5.scs ... 
Copy /home/ff/ee140/fa19/xfab/XKIT/xt018/cadence/v8_0/spectre/v8_0_2/lp5mos/models/res/rdn5.scs ... 
Copy /home/ff/ee140/fa19/xfab/XKIT/xt018/cadence/v8_0/spectre/v8_0_2/lp5mos/models/res/rdp5.scs ... 
Copy /home/ff/ee140/fa19/xfab/XKIT/xt018/cadence/v8_0/spectre/v8_0_2/lp5mos/models/res/rnp1.scs ... 
Copy /home/ff/ee140/fa19/xfab/XKIT/xt018/cadence/v8_0/spectre/v8_0_2/lp5mos/models/res/rnp1_3.scs ... 
Copy /home/ff/ee140/fa19/xfab/XKIT/xt018/cadence/v8_0/spectre/v8_0_2/lp5mos/models/res/rpp1.scs ... 
Copy /home/ff/ee140/fa19/xfab/XKIT/xt018/cadence/v8_0/spectre/v8_0_2/lp5mos/models/res/rpp1_3.scs ... 
Copy /home/ff/ee140/fa19/xfab/XKIT/xt018/cadence/v8_0/spectre/v8_0_2/lp5mos/models/res/rpp1s.scs ... 
Copy /home/ff/ee140/fa19/xfab/XKIT/xt018/cadence/v8_0/spectre/v8_0_2/lp5mos/models/res/rpp1s_3.scs ... 
Copy /home/ff/ee140/fa19/xfab/XKIT/xt018/cadence/v8_0/spectre/v8_0_2/lp5mos/models/res/rnp1h.scs ... 
Copy /home/ff/ee140/fa19/xfab/XKIT/xt018/cadence/v8_0/spectre/v8_0_2/lp5mos/models/res/rnp1h_3.scs ... 
Copy /home/ff/ee140/fa19/xfab/XKIT/xt018/cadence/v8_0/spectre/v8_0_2/lp5mos/models/res/rpp1k1.scs ... 
Copy /home/ff/ee140/fa19/xfab/XKIT/xt018/cadence/v8_0/spectre/v8_0_2/lp5mos/models/res/rpp1k1_3.scs ... 
Copy /home/ff/ee140/fa19/xfab/XKIT/xt018/cadence/v8_0/spectre/v8_0_2/lp5mos/models/res/rpp1k1a.scs ... 
Copy /home/ff/ee140/fa19/xfab/XKIT/xt018/cadence/v8_0/spectre/v8_0_2/lp5mos/models/res/rpp1k1a_3.scs ... 
Copy /home/ff/ee140/fa19/xfab/XKIT/xt018/cadence/v8_0/spectre/v8_0_2/lp5mos/models/res/rm1.scs ... 
Copy /home/ff/ee140/fa19/xfab/XKIT/xt018/cadence/v8_0/spectre/v8_0_2/lp5mos/models/res/rm2.scs ... 
Copy /home/ff/ee140/fa19/xfab/XKIT/xt018/cadence/v8_0/spectre/v8_0_2/lp5mos/models/res/rm3.scs ... 
Copy /home/ff/ee140/fa19/xfab/XKIT/xt018/cadence/v8_0/spectre/v8_0_2/lp5mos/models/res/rm4.scs ... 
Copy /home/ff/ee140/fa19/xfab/XKIT/xt018/cadence/v8_0/spectre/v8_0_2/lp5mos/models/res/rm5.scs ... 
Copy /home/ff/ee140/fa19/xfab/XKIT/xt018/cadence/v8_0/spectre/v8_0_2/lp5mos/models/res/rmtp.scs ... 
Copy /home/ff/ee140/fa19/xfab/XKIT/xt018/cadence/v8_0/spectre/v8_0_2/lp5mos/models/res/rmtpl.scs ... 
Copy /home/ff/ee140/fa19/xfab/XKIT/xt018/cadence/v8_0/spectre/v8_0_2/lp5mos/models/res/rmrdl.scs ... 
Copy /home/ff/ee140/fa19/xfab/XKIT/xt018/cadence/v8_0/spectre/v8_0_2/lp5mos/models/res/rctdn.scs ... 
Copy /home/ff/ee140/fa19/xfab/XKIT/xt018/cadence/v8_0/spectre/v8_0_2/lp5mos/models/res/rsildn.scs ... 
Copy /home/ff/ee140/fa19/xfab/XKIT/xt018/cadence/v8_0/spectre/v8_0_2/lp5mos/models/res/rctdp.scs ... 
Copy /home/ff/ee140/fa19/xfab/XKIT/xt018/cadence/v8_0/spectre/v8_0_2/lp5mos/models/res/rsildp.scs ... 
Copy /home/ff/ee140/fa19/xfab/XKIT/xt018/cadence/v8_0/spectre/v8_0_2/lp5mos/models/res/rctp1.scs ... 
Copy /home/ff/ee140/fa19/xfab/XKIT/xt018/cadence/v8_0/spectre/v8_0_2/lp5mos/models/res/rsilnp1.scs ... 
Copy /home/ff/ee140/fa19/xfab/XKIT/xt018/cadence/v8_0/spectre/v8_0_2/lp5mos/models/res/rsilpp1.scs ... 
Copy /home/ff/ee140/fa19/xfab/XKIT/xt018/cadence/v8_0/spectre/v8_0_2/lp5mos/models/res/pfuse.scs ... 
Copy /home/ff/ee140/fa19/xfab/XKIT/xt018/cadence/v8_0/spectre/v8_0_2/lp5mos/models/res/rnw_scr.scs ... 
Copy /home/ff/ee140/fa19/xfab/XKIT/xt018/cadence/v8_0/spectre/v8_0_2/lp5mos/models/res/rnw5_scr.scs ... 
Copy /home/ff/ee140/fa19/xfab/XKIT/xt018/cadence/v8_0/spectre/v8_0_2/lp5mos/models/res/rsbdn.scs ... 
Copy /home/ff/ee140/fa19/xfab/XKIT/xt018/cadence/v8_0/spectre/v8_0_2/lp5mos/models/res/rsbdp.scs ... 
Copy /home/ff/ee140/fa19/xfab/XKIT/xt018/cadence/v8_0/spectre/v8_0_2/lp5mos/models/res/rsbnp1.scs ... 
Copy /home/ff/ee140/fa19/xfab/XKIT/xt018/cadence/v8_0/spectre/v8_0_2/lp5mos/models/res/rsbpp1.scs ... 
Copy /home/ff/ee140/fa19/xfab/XKIT/xt018/cadence/v8_0/spectre/v8_0_2/lp5mos/models/res/rsbpp1k1.scs ... 
Copy /home/ff/ee140/fa19/xfab/XKIT/xt018/cadence/v8_0/spectre/v8_0_2/lp5mos/models/res/rsbdn5.scs ... 
Copy /home/ff/ee140/fa19/xfab/XKIT/xt018/cadence/v8_0/spectre/v8_0_2/lp5mos/models/res/rsbdp5.scs ... 
Copy /home/ff/ee140/fa19/xfab/XKIT/xt018/cadence/v8_0/spectre/v8_0_2/lp5mos/models/res/p_rm1.scs ... 
Copy /home/ff/ee140/fa19/xfab/XKIT/xt018/cadence/v8_0/spectre/v8_0_2/lp5mos/models/res/p_rm2.scs ... 
Copy /home/ff/ee140/fa19/xfab/XKIT/xt018/cadence/v8_0/spectre/v8_0_2/lp5mos/models/res/p_rm3.scs ... 
Copy /home/ff/ee140/fa19/xfab/XKIT/xt018/cadence/v8_0/spectre/v8_0_2/lp5mos/models/res/p_rm4.scs ... 
Copy /home/ff/ee140/fa19/xfab/XKIT/xt018/cadence/v8_0/spectre/v8_0_2/lp5mos/models/res/p_rm5.scs ... 
Copy /home/ff/ee140/fa19/xfab/XKIT/xt018/cadence/v8_0/spectre/v8_0_2/lp5mos/models/res/p_rmtp.scs ... 
Copy /home/ff/ee140/fa19/xfab/XKIT/xt018/cadence/v8_0/spectre/v8_0_2/lp5mos/models/res/p_rmtpl.scs ... 
Copy /home/ff/ee140/fa19/xfab/XKIT/xt018/cadence/v8_0/spectre/v8_0_2/lp5mos/models/res/p_rvia1.scs ... 
Copy /home/ff/ee140/fa19/xfab/XKIT/xt018/cadence/v8_0/spectre/v8_0_2/lp5mos/models/res/p_rvia2.scs ... 
Copy /home/ff/ee140/fa19/xfab/XKIT/xt018/cadence/v8_0/spectre/v8_0_2/lp5mos/models/res/p_rvia3.scs ... 
Copy /home/ff/ee140/fa19/xfab/XKIT/xt018/cadence/v8_0/spectre/v8_0_2/lp5mos/models/res/p_rvia4.scs ... 
Copy /home/ff/ee140/fa19/xfab/XKIT/xt018/cadence/v8_0/spectre/v8_0_2/lp5mos/models/res/p_rviatp.scs ... 
Copy /home/ff/ee140/fa19/xfab/XKIT/xt018/cadence/v8_0/spectre/v8_0_2/lp5mos/models/res/p_rviatpl.scs ... 
Copy /home/ff/ee140/fa19/xfab/XKIT/xt018/cadence/v8_0/spectre/v8_0_2/lp5mos/models/res/p_rctdn.scs ... 
Copy /home/ff/ee140/fa19/xfab/XKIT/xt018/cadence/v8_0/spectre/v8_0_2/lp5mos/models/res/p_rctdp.scs ... 
Copy /home/ff/ee140/fa19/xfab/XKIT/xt018/cadence/v8_0/spectre/v8_0_2/lp5mos/models/res/p_rctp1.scs ... 
Copy /home/ff/ee140/fa19/xfab/XKIT/xt018/cadence/v8_0/spectre/v8_0_2/lp5mos/models/res/p_rp1s.scs ... 
Copy /home/ff/ee140/fa19/xfab/XKIT/xt018/cadence/v8_0/spectre/v8_0_2/lp5mos/models/res/rxw2ti.scs ... 
Copy /home/ff/ee140/fa19/xfab/XKIT/xt018/cadence/v8_0/spectre/v8_0_2/lp5mos/models/res/rdn5_dpc.scs ... 
Copy /home/ff/ee140/fa19/xfab/XKIT/xt018/cadence/v8_0/spectre/v8_0_2/lp5mos/models/res/rdn5_pw4.scs ... 
Copy /home/cc/ee140/fa19/class/ee140-abc/Documents/ee240-project/Sim/zz_system/ams/config/netlist/amsControlSpectre.scs ... 
Copy /home/cc/ee140/fa19/class/ee140-abc/Documents/ee240-project/Sim/zz_system/ams/config/netlist/ie_card.scs ... 
Notice: /share/instsww/cadence/INCISIVE.15.20.076/tools.lnx86/spectre/etc/ahdl/discipline.h is filtered . 
Notice: /share/instsww/cadence/INCISIVE.15.20.076/tools.lnx86/spectre/etc/ahdl/disciplines.vams is filtered . 
Notice: /share/instsww/cadence/INCISIVE.15.20.076/tools.lnx86/spectre/etc/ahdl/constants.h is filtered . 
Notice: /share/instsww/cadence/INCISIVE.15.20.076/tools.lnx86/spectre/etc/ahdl/constants.vams is filtered . 

Copy ./INCA_libs/AMSD/ams_spice_in/.amsspice_pre.ckt.log ... 
Generating TAR file... 
Done!

Pack Directory: /home/cc/ee140/fa19/class/ee140-abc/Documents/ee240-project/Sim/zz_system/ams/config/netlist/INCA_libs/AMSD/ams_spice_in/.a 
