TOOL:	irun(64)	15.20-s076: Started on Nov 28, 2019 at 16:30:02 PST
irun
	-f /home/cc/ee140/fa19/class/ee140-abd/Desktop/ee140/cadence/project/Sim/zz_system/ams/config/netlist/.mapi/mapi_run.args
		-64bit
		-compile
		-NOCOPYRIGHT
		-nostdout
		-nowarn DLNOHV
		-logfile /home/cc/ee140/fa19/class/ee140-abd/Desktop/ee140/cadence/project/Sim/zz_system/ams/config/netlist/.mapi/mapirun.log
		-nowarn DLNOHV
		-nowarn DLCLAP
		-v93
		-allowredefinition
		-incdir /home/cc/ee140/fa19/class/ee140-abd/Desktop/ee140/cadence/project/
		-nclibdirpath /home/cc/ee140/fa19/class/ee140-abd/Desktop/ee140/cadence/project/Sim/zz_system/ams/config/netlist/.mapi/
		-cdslib /home/cc/ee140/fa19/class/ee140-abd/Desktop/ee140/cadence/project/Sim/zz_system/ams/config/netlist/.mapi/cds.lib
		-amscompilefile "file:/home/ff/ee140/fa19/cadence/ee140_gsi/SAR_FSM/functional/verilog.v lib:ee140_gsi cell:SAR_FSM view:functional"
		/home/cc/ee140/fa19/class/ee140-abd/Desktop/ee140/cadence/project/Sim/zz_system/ams/config/netlist/.mapi//dummyMapi.vams
		/home/cc/ee140/fa19/class/ee140-abd/Desktop/ee140/cadence/project/Sim/zz_system/ams/config/netlist/.mapi//dummyMapi.vhms
file: /home/cc/ee140/fa19/class/ee140-abd/Desktop/ee140/cadence/project/Sim/zz_system/ams/config/netlist/.mapi//dummyMapi.vams
file: /home/ff/ee140/fa19/cadence/ee140_gsi/SAR_FSM/functional/verilog.v
	module ee140_gsi.SAR_FSM:functional
		errors: 0, warnings: 0
ncvlog: *W,SPDUSD: Include directory /home/cc/ee140/fa19/class/ee140-abd/Desktop/ee140/cadence/project/ given but not used.
	Total errors/warnings found outside modules and primitives:
		errors: 0, warnings: 1
TOOL:	irun(64)	15.20-s076: Exiting on Nov 28, 2019 at 16:30:05 PST  (total: 00:00:03)
